<?xml version="1.0" encoding="UTF-8"?>
<!-- Generated by org.testng.reporters.JUnitReportReporter -->
<testsuite hostname="DESKTOP-D41Q1D9" name="com.Finale_CRM.tests.ContactsPageTest" tests="4" failures="0" timestamp="10 Nov 2019 17:37:09 GMT" time="165.590" errors="0">
  <testcase name="enterContactsDetailsTest" time="42.018" classname="com.Finale_CRM.tests.ContactsPageTest"/>
  <testcase name="enterContactsDetailsTest" time="47.684" classname="com.Finale_CRM.tests.ContactsPageTest"/>
  <testcase name="enterContactsDetailsTest" time="35.174" classname="com.Finale_CRM.tests.ContactsPageTest"/>
  <testcase name="enterContactsDetailsTest" time="40.714" classname="com.Finale_CRM.tests.ContactsPageTest"/>
</testsuite> <!-- com.Finale_CRM.tests.ContactsPageTest -->
